 
============================================================ 
  ETL ACP DWH - mar 28/04/2026  15:53:45.49 
  Codigo de salida: 1 
============================================================ 
[ERROR] El ETL finalizo con codigo 1. 
 
============================================================ 
  ETL ACP DWH - mar 28/04/2026  15:59:34.48 
  Codigo de salida: 0 
============================================================ 
[OK] El ETL finalizo correctamente. 
 
============================================================ 
  ETL ACP DWH - mar 28/04/2026  16:03:40.07 
  Codigo de salida: 1 
============================================================ 
[ERROR] El ETL finalizo con codigo 1. 
 
============================================================ 
  ETL ACP DWH - mar 28/04/2026  16:05:34.62 
  Codigo de salida: 0 
============================================================ 
[OK] El ETL finalizo correctamente. 
