 
============================================================ 
  ETL ACP DWH - lun 27/04/2026   9:14:21.01 
  Codigo de salida: 1 
============================================================ 
[ERROR] El ETL finalizo con codigo 1. 
 
============================================================ 
  ETL ACP DWH - lun 27/04/2026   9:16:28.02 
  Codigo de salida: 1 
============================================================ 
[ERROR] El ETL finalizo con codigo 1. 
 
============================================================ 
  ETL ACP DWH - lun 27/04/2026   9:37:09.15 
  Codigo de salida: 0 
============================================================ 
[OK] El ETL finalizo correctamente. 
 
============================================================ 
  ETL ACP DWH - lun 27/04/2026   9:45:35.13 
  Codigo de salida: 0 
============================================================ 
[OK] El ETL finalizo correctamente. 
 
============================================================ 
  ETL ACP DWH - lun 27/04/2026  10:57:53.11 
  Codigo de salida: 0 
============================================================ 
[OK] El ETL finalizo correctamente. 
 
============================================================ 
  ETL ACP DWH - lun 27/04/2026  11:09:34.00 
  Codigo de salida: 0 
============================================================ 
[OK] El ETL finalizo correctamente. 
 
============================================================ 
  ETL ACP DWH - lun 27/04/2026  11:25:14.67 
  Codigo de salida: 0 
============================================================ 
[OK] El ETL finalizo correctamente. 
 
============================================================ 
  ETL ACP DWH - lun 27/04/2026  14:19:40.13 
  Codigo de salida: 1 
============================================================ 
[ERROR] El ETL finalizo con codigo 1. 
 
============================================================ 
  ETL ACP DWH - lun 27/04/2026  14:24:46.05 
  Codigo de salida: 0 
============================================================ 
[OK] El ETL finalizo correctamente. 
