 
============================================================ 
  ETL ACP DWH - mi‚ 29/04/2026   8:06:08.04 
  Codigo de salida: 1 
============================================================ 
[ERROR] El ETL finalizo con codigo 1. 
 
============================================================ 
  ETL ACP DWH - mi‚ 29/04/2026   8:25:30.91 
  Codigo de salida: 1 
============================================================ 
[ERROR] El ETL finalizo con codigo 1. 
 
============================================================ 
  ETL ACP DWH - mi‚ 29/04/2026   8:50:04.20 
  Codigo de salida: 0 
============================================================ 
[OK] El ETL finalizo correctamente. 
 
============================================================ 
  ETL ACP DWH - mi‚ 29/04/2026  10:29:49.61 
  Codigo de salida: 1 
============================================================ 
[ERROR] El ETL finalizo con codigo 1. 
 
============================================================ 
  ETL ACP DWH - mi‚ 29/04/2026  10:33:58.35 
  Codigo de salida: 1 
============================================================ 
[ERROR] El ETL finalizo con codigo 1. 
 
============================================================ 
  ETL ACP DWH - mi‚ 29/04/2026  10:36:00.21 
  Codigo de salida: 0 
============================================================ 
[OK] El ETL finalizo correctamente. 
 
============================================================ 
  ETL ACP DWH - mi‚ 29/04/2026  10:39:42.52 
  Codigo de salida: 0 
============================================================ 
[OK] El ETL finalizo correctamente. 
 
============================================================ 
  ETL ACP DWH - mi‚ 29/04/2026  10:47:11.02 
  Codigo de salida: 0 
============================================================ 
[OK] El ETL finalizo correctamente. 
 
============================================================ 
  ETL ACP DWH - mi‚ 29/04/2026  10:54:46.40 
  Codigo de salida: 0 
============================================================ 
[OK] El ETL finalizo correctamente. 
 
============================================================ 
  ETL ACP DWH - mi‚ 29/04/2026  11:21:10.78 
  Codigo de salida: 0 
============================================================ 
[OK] El ETL finalizo correctamente. 
